C:\Users\Meir\source\repos\Product\Product\app.js
C:\Users\Meir\source\repos\Product\Product\app.js.map
C:\Users\Meir\source\repos\Product\Product\Basicdate.js
C:\Users\Meir\source\repos\Product\Product\Basicdate.js.map
C:\Users\Meir\source\repos\Product\Product\FullTime.js
C:\Users\Meir\source\repos\Product\Product\FullTime.js.map
C:\Users\Meir\source\repos\Product\Product\Product.js
C:\Users\Meir\source\repos\Product\Product\Product.js.map
C:\Users\Meir\source\repos\Product\Product\app.js
C:\Users\Meir\source\repos\Product\Product\app.js.map
C:\Users\Meir\source\repos\Product\Product\Basicdate.js
C:\Users\Meir\source\repos\Product\Product\Basicdate.js.map
C:\Users\Meir\source\repos\Product\Product\FullTime.js
C:\Users\Meir\source\repos\Product\Product\FullTime.js.map
C:\Users\Meir\source\repos\Product\Product\Product.js
C:\Users\Meir\source\repos\Product\Product\Product.js.map
C:\Users\Meir\source\repos\Product\Product\app.js
C:\Users\Meir\source\repos\Product\Product\app.js.map
C:\Users\Meir\source\repos\Product\Product\Basicdate.js
C:\Users\Meir\source\repos\Product\Product\Basicdate.js.map
C:\Users\Meir\source\repos\Product\Product\FullTime.js
C:\Users\Meir\source\repos\Product\Product\FullTime.js.map
C:\Users\Meir\source\repos\Product\Product\Product.js
C:\Users\Meir\source\repos\Product\Product\Product.js.map
C:\Users\Meir\source\repos\Product\Product\app.js
C:\Users\Meir\source\repos\Product\Product\app.js.map
C:\Users\Meir\source\repos\Product\Product\Basicdate.js
C:\Users\Meir\source\repos\Product\Product\Basicdate.js.map
C:\Users\Meir\source\repos\Product\Product\FullTime.js
C:\Users\Meir\source\repos\Product\Product\FullTime.js.map
C:\Users\Meir\source\repos\Product\Product\Product.js
C:\Users\Meir\source\repos\Product\Product\Product.js.map
C:\Users\Meir\source\repos\Product\Product\app.js
C:\Users\Meir\source\repos\Product\Product\app.js.map
C:\Users\Meir\source\repos\Product\Product\Basicdate.js
C:\Users\Meir\source\repos\Product\Product\Basicdate.js.map
C:\Users\Meir\source\repos\Product\Product\FullTime.js
C:\Users\Meir\source\repos\Product\Product\FullTime.js.map
C:\Users\Meir\source\repos\Product\Product\Product.js
C:\Users\Meir\source\repos\Product\Product\Product.js.map
C:\Users\Meir\source\repos\Product\Product\app.js
C:\Users\Meir\source\repos\Product\Product\app.js.map
C:\Users\Meir\source\repos\Product\Product\Basicdate.js
C:\Users\Meir\source\repos\Product\Product\Basicdate.js.map
C:\Users\Meir\source\repos\Product\Product\FullTime.js
C:\Users\Meir\source\repos\Product\Product\FullTime.js.map
C:\Users\Meir\source\repos\Product\Product\Product.js
C:\Users\Meir\source\repos\Product\Product\Product.js.map
C:\Users\Meir\source\repos\Product\Product\app.js
C:\Users\Meir\source\repos\Product\Product\app.js.map
C:\Users\Meir\source\repos\Product\Product\Basicdate.js
C:\Users\Meir\source\repos\Product\Product\Basicdate.js.map
C:\Users\Meir\source\repos\Product\Product\FullTime.js
C:\Users\Meir\source\repos\Product\Product\FullTime.js.map
C:\Users\Meir\source\repos\Product\Product\Product.js
C:\Users\Meir\source\repos\Product\Product\Product.js.map
C:\Users\Meir\source\repos\Product\Product\app.js
C:\Users\Meir\source\repos\Product\Product\app.js.map
C:\Users\Meir\source\repos\Product\Product\Basicdate.js
C:\Users\Meir\source\repos\Product\Product\Basicdate.js.map
C:\Users\Meir\source\repos\Product\Product\FullTime.js
C:\Users\Meir\source\repos\Product\Product\FullTime.js.map
C:\Users\Meir\source\repos\Product\Product\Product.js
C:\Users\Meir\source\repos\Product\Product\Product.js.map
C:\Users\Meir\source\repos\Product\Product\app.js
C:\Users\Meir\source\repos\Product\Product\app.js.map
C:\Users\Meir\source\repos\Product\Product\Basicdate.js
C:\Users\Meir\source\repos\Product\Product\Basicdate.js.map
C:\Users\Meir\source\repos\Product\Product\FullTime.js
C:\Users\Meir\source\repos\Product\Product\FullTime.js.map
C:\Users\Meir\source\repos\Product\Product\Product.js
C:\Users\Meir\source\repos\Product\Product\Product.js.map
C:\Users\Meir\source\repos\Product\Product\app.js
C:\Users\Meir\source\repos\Product\Product\app.js.map
C:\Users\Meir\source\repos\Product\Product\Basicdate.js
C:\Users\Meir\source\repos\Product\Product\Basicdate.js.map
C:\Users\Meir\source\repos\Product\Product\FullTime.js
C:\Users\Meir\source\repos\Product\Product\FullTime.js.map
C:\Users\Meir\source\repos\Product\Product\Product.js
C:\Users\Meir\source\repos\Product\Product\Product.js.map
C:\Users\Meir\source\repos\Product\Product\app.js
C:\Users\Meir\source\repos\Product\Product\app.js.map
C:\Users\Meir\source\repos\Product\Product\Basicdate.js
C:\Users\Meir\source\repos\Product\Product\Basicdate.js.map
C:\Users\Meir\source\repos\Product\Product\FullTime.js
C:\Users\Meir\source\repos\Product\Product\FullTime.js.map
C:\Users\Meir\source\repos\Product\Product\Product.js
C:\Users\Meir\source\repos\Product\Product\Product.js.map
C:\Users\Meir\source\repos\Product\Product\app.js
C:\Users\Meir\source\repos\Product\Product\app.js.map
C:\Users\Meir\source\repos\Product\Product\Basicdate.js
C:\Users\Meir\source\repos\Product\Product\Basicdate.js.map
C:\Users\Meir\source\repos\Product\Product\FullTime.js
C:\Users\Meir\source\repos\Product\Product\FullTime.js.map
C:\Users\Meir\source\repos\Product\Product\Product.js
C:\Users\Meir\source\repos\Product\Product\Product.js.map
C:\Users\Meir\source\repos\Product\Product\app.js
C:\Users\Meir\source\repos\Product\Product\app.js.map
C:\Users\Meir\source\repos\Product\Product\Basicdate.js
C:\Users\Meir\source\repos\Product\Product\Basicdate.js.map
C:\Users\Meir\source\repos\Product\Product\FullTime.js
C:\Users\Meir\source\repos\Product\Product\FullTime.js.map
C:\Users\Meir\source\repos\Product\Product\Product.js
C:\Users\Meir\source\repos\Product\Product\Product.js.map
C:\Users\Meir\source\repos\Product\Product\app.js
C:\Users\Meir\source\repos\Product\Product\app.js.map
C:\Users\Meir\source\repos\Product\Product\Basicdate.js
C:\Users\Meir\source\repos\Product\Product\Basicdate.js.map
C:\Users\Meir\source\repos\Product\Product\FullTime.js
C:\Users\Meir\source\repos\Product\Product\FullTime.js.map
C:\Users\Meir\source\repos\Product\Product\Product.js
C:\Users\Meir\source\repos\Product\Product\Product.js.map
C:\Users\Meir\source\repos\Product\Product\app.js
C:\Users\Meir\source\repos\Product\Product\app.js.map
C:\Users\Meir\source\repos\Product\Product\Basicdate.js
C:\Users\Meir\source\repos\Product\Product\Basicdate.js.map
C:\Users\Meir\source\repos\Product\Product\FullTime.js
C:\Users\Meir\source\repos\Product\Product\FullTime.js.map
C:\Users\Meir\source\repos\Product\Product\Product.js
C:\Users\Meir\source\repos\Product\Product\Product.js.map
C:\Users\Meir\source\repos\Product\Product\app.js
C:\Users\Meir\source\repos\Product\Product\app.js.map
C:\Users\Meir\source\repos\Product\Product\Basicdate.js
C:\Users\Meir\source\repos\Product\Product\Basicdate.js.map
C:\Users\Meir\source\repos\Product\Product\FullTime.js
C:\Users\Meir\source\repos\Product\Product\FullTime.js.map
C:\Users\Meir\source\repos\Product\Product\Product.js
C:\Users\Meir\source\repos\Product\Product\Product.js.map
C:\Users\Meir\source\repos\Product\Product\app.js
C:\Users\Meir\source\repos\Product\Product\app.js.map
C:\Users\Meir\source\repos\Product\Product\Basicdate.js
C:\Users\Meir\source\repos\Product\Product\Basicdate.js.map
C:\Users\Meir\source\repos\Product\Product\FullTime.js
C:\Users\Meir\source\repos\Product\Product\FullTime.js.map
C:\Users\Meir\source\repos\Product\Product\Product.js
C:\Users\Meir\source\repos\Product\Product\Product.js.map
C:\Users\Meir\source\repos\Product\Product\app.js
C:\Users\Meir\source\repos\Product\Product\app.js.map
C:\Users\Meir\source\repos\Product\Product\Basicdate.js
C:\Users\Meir\source\repos\Product\Product\Basicdate.js.map
C:\Users\Meir\source\repos\Product\Product\FullTime.js
C:\Users\Meir\source\repos\Product\Product\FullTime.js.map
C:\Users\Meir\source\repos\Product\Product\Product.js
C:\Users\Meir\source\repos\Product\Product\Product.js.map
C:\Users\Meir\source\repos\Product\Product\app.js
C:\Users\Meir\source\repos\Product\Product\app.js.map
C:\Users\Meir\source\repos\Product\Product\Basicdate.js
C:\Users\Meir\source\repos\Product\Product\Basicdate.js.map
C:\Users\Meir\source\repos\Product\Product\FullTime.js
C:\Users\Meir\source\repos\Product\Product\FullTime.js.map
C:\Users\Meir\source\repos\Product\Product\Product.js
C:\Users\Meir\source\repos\Product\Product\Product.js.map
C:\Users\Meir\source\repos\Product\Product\app.js
C:\Users\Meir\source\repos\Product\Product\app.js.map
C:\Users\Meir\source\repos\Product\Product\Basicdate.js
C:\Users\Meir\source\repos\Product\Product\Basicdate.js.map
C:\Users\Meir\source\repos\Product\Product\FullTime.js
C:\Users\Meir\source\repos\Product\Product\FullTime.js.map
C:\Users\Meir\source\repos\Product\Product\Product.js
C:\Users\Meir\source\repos\Product\Product\Product.js.map
C:\Users\Meir\source\repos\Product\Product\app.js
C:\Users\Meir\source\repos\Product\Product\app.js.map
C:\Users\Meir\source\repos\Product\Product\Basicdate.js
C:\Users\Meir\source\repos\Product\Product\Basicdate.js.map
C:\Users\Meir\source\repos\Product\Product\FullTime.js
C:\Users\Meir\source\repos\Product\Product\FullTime.js.map
C:\Users\Meir\source\repos\Product\Product\Product.js
C:\Users\Meir\source\repos\Product\Product\Product.js.map
C:\Users\Meir\source\repos\Product\Product\app.js
C:\Users\Meir\source\repos\Product\Product\app.js.map
C:\Users\Meir\source\repos\Product\Product\Basicdate.js
C:\Users\Meir\source\repos\Product\Product\Basicdate.js.map
C:\Users\Meir\source\repos\Product\Product\FullTime.js
C:\Users\Meir\source\repos\Product\Product\FullTime.js.map
C:\Users\Meir\source\repos\Product\Product\Product.js
C:\Users\Meir\source\repos\Product\Product\Product.js.map
C:\Users\Meir\source\repos\Product\Product\app.js
C:\Users\Meir\source\repos\Product\Product\app.js.map
C:\Users\Meir\source\repos\Product\Product\Basicdate.js
C:\Users\Meir\source\repos\Product\Product\Basicdate.js.map
C:\Users\Meir\source\repos\Product\Product\FullTime.js
C:\Users\Meir\source\repos\Product\Product\FullTime.js.map
C:\Users\Meir\source\repos\Product\Product\Product.js
C:\Users\Meir\source\repos\Product\Product\Product.js.map
C:\Users\Meir\source\repos\Product\Product\app.js
C:\Users\Meir\source\repos\Product\Product\app.js.map
C:\Users\Meir\source\repos\Product\Product\Basicdate.js
C:\Users\Meir\source\repos\Product\Product\Basicdate.js.map
C:\Users\Meir\source\repos\Product\Product\FullTime.js
C:\Users\Meir\source\repos\Product\Product\FullTime.js.map
C:\Users\Meir\source\repos\Product\Product\Product.js
C:\Users\Meir\source\repos\Product\Product\Product.js.map
C:\Users\Meir\source\repos\Product\Product\app.js
C:\Users\Meir\source\repos\Product\Product\app.js.map
C:\Users\Meir\source\repos\Product\Product\Basicdate.js
C:\Users\Meir\source\repos\Product\Product\Basicdate.js.map
C:\Users\Meir\source\repos\Product\Product\FullTime.js
C:\Users\Meir\source\repos\Product\Product\FullTime.js.map
C:\Users\Meir\source\repos\Product\Product\Product.js
C:\Users\Meir\source\repos\Product\Product\Product.js.map
C:\Users\Meir\source\repos\Product\Product\app.js
C:\Users\Meir\source\repos\Product\Product\app.js.map
C:\Users\Meir\source\repos\Product\Product\Basicdate.js
C:\Users\Meir\source\repos\Product\Product\Basicdate.js.map
C:\Users\Meir\source\repos\Product\Product\FullTime.js
C:\Users\Meir\source\repos\Product\Product\FullTime.js.map
C:\Users\Meir\source\repos\Product\Product\Product.js
C:\Users\Meir\source\repos\Product\Product\Product.js.map
C:\Users\Meir\source\repos\Product\Product\app.js
C:\Users\Meir\source\repos\Product\Product\app.js.map
C:\Users\Meir\source\repos\Product\Product\Basicdate.js
C:\Users\Meir\source\repos\Product\Product\Basicdate.js.map
C:\Users\Meir\source\repos\Product\Product\FullTime.js
C:\Users\Meir\source\repos\Product\Product\FullTime.js.map
C:\Users\Meir\source\repos\Product\Product\Product.js
C:\Users\Meir\source\repos\Product\Product\Product.js.map
C:\Users\Meir\source\repos\Product\Product\app.js
C:\Users\Meir\source\repos\Product\Product\app.js.map
C:\Users\Meir\source\repos\Product\Product\Basicdate.js
C:\Users\Meir\source\repos\Product\Product\Basicdate.js.map
C:\Users\Meir\source\repos\Product\Product\FullTime.js
C:\Users\Meir\source\repos\Product\Product\FullTime.js.map
C:\Users\Meir\source\repos\Product\Product\Product.js
C:\Users\Meir\source\repos\Product\Product\Product.js.map
C:\Users\Meir\source\repos\Product\Product\app.js
C:\Users\Meir\source\repos\Product\Product\app.js.map
C:\Users\Meir\source\repos\Product\Product\Basicdate.js
C:\Users\Meir\source\repos\Product\Product\Basicdate.js.map
C:\Users\Meir\source\repos\Product\Product\FullTime.js
C:\Users\Meir\source\repos\Product\Product\FullTime.js.map
C:\Users\Meir\source\repos\Product\Product\Product.js
C:\Users\Meir\source\repos\Product\Product\Product.js.map
